To honour the JVM settings for this build a single-use Daemon process will be forked. For more on this, please refer to https://docs.gradle.org/8.7/userguide/gradle_daemon.html#sec:disabling_the_daemon in the Gradle documentation.
Daemon will be stopped at the end of the build 
Path for java installation '/usr/lib/jvm/openjdk-21' (Common Linux Locations) does not contain a java executable
> Task :compileJava UP-TO-DATE
> Task :processResources NO-SOURCE
> Task :classes UP-TO-DATE

> Task :runResolver
Warning line does not match expected format: found   : @LTEqLengthOf("a") int
Warning line does not match expected format: required: @LTLengthOf(value={"array", "b"}, offset={"0", "-3"}) int
Warning line does not match expected format: found   : @LTLengthOf("a") int
Warning line does not match expected format: required: @LTLengthOf({"c", "b"}) int
Warning line does not match expected format: found   : @LTLengthOf("a") int
Warning line does not match expected format: required: @LTLengthOf(value={"c1", "c1"}, offset={"0", "x"}) int
Warning line does not match expected format: found   : String []
Warning line does not match expected format: required: String @ArrayLenRange(from=1) []
Warning line does not match expected format: found   : int
Warning line does not match expected format: required: an integer >= 0 (@NonNegative or @Positive)
Warning line does not match expected format: found   : int
Warning line does not match expected format: required: an integer >= 0 (@NonNegative or @Positive)
Warning line does not match expected format: found   : int
Warning line does not match expected format: required: @NonNegative int
Warning line does not match expected format: found   : @LTLengthOf(value="newArray", offset="y - 1") int
Warning line does not match expected format: required: @LTLengthOf("newArray") int
Warning line does not match expected format: found   : int
Warning line does not match expected format: required: @NonNegative int
Warning line does not match expected format: found   : @LTLengthOf(value="newArray", offset="x - 1") int
Warning line does not match expected format: required: @LTLengthOf("newArray") int
Warning line does not match expected format: found   : int
Warning line does not match expected format: required: an integer >= 0 (@NonNegative or @Positive)
Warning line does not match expected format: found   : int
Warning line does not match expected format: required: @NonNegative int
Warning line does not match expected format: found   : @LTLengthOf(value="newArray", offset="y - 1") int
Warning line does not match expected format: required: @LTLengthOf("newArray") int
Warning line does not match expected format: found   : int
Warning line does not match expected format: required: @NonNegative int
Warning line does not match expected format: found   : @LTLengthOf(value="newArray", offset="x - 1") int
Warning line does not match expected format: required: @LTEqLengthOf("newArray") int
Warning line does not match expected format: found   : int
Warning line does not match expected format: required: an integer >= 0 (@NonNegative or @Positive)
Warning line does not match expected format: found   : int
Warning line does not match expected format: required: @NonNegative int
Warning line does not match expected format: found   : @LTLengthOf(value="newArray", offset="y - 1") int
Warning line does not match expected format: required: @LTEqLengthOf("newArray") int
Warning line does not match expected format: found   : int
Warning line does not match expected format: required: @NonNegative int
Warning line does not match expected format: found   : @LTLengthOf(value="newArray", offset="x - 1") int
Warning line does not match expected format: required: @LTEqLengthOf("newArray") int
Warning line does not match expected format: found   : int
Warning line does not match expected format: required: an integer >= 0 (@NonNegative or @Positive)
Warning line does not match expected format: found   : @LTLengthOf(value="newArray", offset="y - 1") int
Warning line does not match expected format: required: @LTEqLengthOf("newArray") int
Warning line does not match expected format: found   : int
Warning line does not match expected format: required: @NonNegative int
Warning line does not match expected format: found   : @LTLengthOf(value="newArray", offset="x - 1") int
Warning line does not match expected format: required: @LTEqLengthOf("newArray") int
Warning line does not match expected format: found   : int
Warning line does not match expected format: required: an integer >= 0 (@NonNegative or @Positive)
Warning line does not match expected format: found   : int
Warning line does not match expected format: required: @NonNegative int
Warning line does not match expected format: found   : @LTLengthOf(value="newArray", offset="y - 1") int
Warning line does not match expected format: required: @LTEqLengthOf("newArray") int
Warning line does not match expected format: found   : int
Warning line does not match expected format: required: @NonNegative int
Warning line does not match expected format: found   : @LTLengthOf(value="newArray", offset="x - 1") int
Warning line does not match expected format: required: @LTEqLengthOf("newArray") int
Warning line does not match expected format: found   : int
Warning line does not match expected format: required: an integer >= 0 (@NonNegative or @Positive)
Warning line does not match expected format: found   : int
Warning line does not match expected format: required: @NonNegative int
Warning line does not match expected format: found   : @LTLengthOf(value="newArray", offset="y - 1") int
Warning line does not match expected format: required: @LTLengthOf("newArray") int
Warning line does not match expected format: found   : int
Warning line does not match expected format: required: @NonNegative int
Warning line does not match expected format: found   : @LTLengthOf(value="newArray", offset="x - 1") int
Warning line does not match expected format: required: @LTEqLengthOf("newArray") int
Warning line does not match expected format: found   : int @ArrayLen(3) []
Warning line does not match expected format: required: int @ArrayLenRange(from=4) []
Warning line does not match expected format: found   : int @ArrayLen(4) []
Warning line does not match expected format: required: int @ArrayLenRange(from=7) []
Warning line does not match expected format: found   : int @ArrayLen(12) []
Warning line does not match expected format: required: int @ArrayLenRange(from=16) []
Warning line does not match expected format: found   : int
Warning line does not match expected format: required: @NonNegative int
Warning line does not match expected format: found   : @UpperBoundLiteral(11) int
Warning line does not match expected format: required: @LTEqLengthOf("nums") int
Warning line does not match expected format: found   : @LowerBoundUnknown
Warning line does not match expected format: required: an integer >= 0 (@NonNegative or @Positive)
Warning line does not match expected format: found   : @UpperBoundUnknown
Warning line does not match expected format: required: @IndexOrHigh("this") or @LTEqLengthOf("this") -- an integer less than or equal to this's length
Warning line does not match expected format: found   : @LowerBoundUnknown
Warning line does not match expected format: required: an integer >= 0 (@NonNegative or @Positive)
Warning line does not match expected format: found   : @UpperBoundUnknown
Warning line does not match expected format: required: @IndexOrHigh("this") or @LTEqLengthOf("this") -- an integer less than or equal to this's length
Warning line does not match expected format: found   : @LessThanUnknown
Warning line does not match expected format: required: an integer <= this.y (@LessThan("this.y + 1"))
Warning line does not match expected format: found   : @LowerBoundUnknown
Warning line does not match expected format: required: an integer >= 0 (@NonNegative or @Positive)
Warning line does not match expected format: found   : @UpperBoundUnknown
Warning line does not match expected format: required: @IndexOrHigh("this") or @LTEqLengthOf("this") -- an integer less than or equal to this's length
Warning line does not match expected format: found   : @LowerBoundUnknown
Warning line does not match expected format: required: an integer >= 0 (@NonNegative or @Positive)
Warning line does not match expected format: found   : @UpperBoundUnknown
Warning line does not match expected format: required: @IndexOrHigh("this") or @LTEqLengthOf("this") -- an integer less than or equal to this's length
Warning line does not match expected format: found   : @LessThanUnknown
Warning line does not match expected format: required: an integer <= this.y (@LessThan("this.y + 1"))
Warning line does not match expected format: found   : @LowerBoundUnknown
Warning line does not match expected format: required: an integer >= 0 (@NonNegative or @Positive)
Warning line does not match expected format: found   : @UpperBoundUnknown
Warning line does not match expected format: required: @IndexOrHigh("this") or @LTEqLengthOf("this") -- an integer less than or equal to this's length
Warning line does not match expected format: found   : int
Warning line does not match expected format: required: an integer >= 0 (@NonNegative or @Positive)
Warning line does not match expected format: found   : int
Warning line does not match expected format: required: @LTLengthOf(value="BinomialTest.factorials", offset="2") int
Warning line does not match expected format: found   : int
Warning line does not match expected format: required: @LTLengthOf(value="BinomialTest.factorials", offset="1") int
Warning line does not match expected format: found   : int
Warning line does not match expected format: required: @LTLengthOf(value="BinomialTest.factorials", offset="0") int
Warning line does not match expected format: found   : int
Warning line does not match expected format: required: @LTLengthOf(value="BinomialTest.factorials", offset="3") int
Warning line does not match expected format: found   : int
Warning line does not match expected format: required: @LTLengthOf(value="BinomialTest.factorials", offset="4") int
Warning line does not match expected format: found   : @GTENegativeOne int
Warning line does not match expected format: required: @NonNegative int
Warning line does not match expected format: found   : StringBuilder
Warning line does not match expected format: required: @ArrayLenRange(from=10) CharSequence
Warning line does not match expected format: found   : @UpperBoundLiteral(13) int
Warning line does not match expected format: required: @LTEqLengthOf("str") int
Warning line does not match expected format: found   : @UpperBoundLiteral(8) int
Warning line does not match expected format: required: @LTEqLengthOf("sb") int
Warning line does not match expected format: found   : int
Warning line does not match expected format: required: @NonNegative int
Warning line does not match expected format: found   : int
Warning line does not match expected format: required: @LTLengthOf("cs") int
Warning line does not match expected format: found   : int
Warning line does not match expected format: required: @NonNegative int
Warning line does not match expected format: found   : int
Warning line does not match expected format: required: @LTEqLengthOf("cs") int
Warning line does not match expected format: found   : @UpperBoundLiteral(1) int
Warning line does not match expected format: required: @LTEqLengthOf("cs") int
Warning line does not match expected format: found   : @UpperBoundLiteral(2) int
Warning line does not match expected format: required: @LTEqLengthOf("cs") int
Warning line does not match expected format: found   : @UpperBoundLiteral(1) int
Warning line does not match expected format: required: @LTEqLengthOf("cs") int
Warning line does not match expected format: found   : @UpperBoundLiteral(2) int
Warning line does not match expected format: required: @LTEqLengthOf("cs") int
Warning line does not match expected format: found   : @LTLengthOf(value={"a1", "a2"}, offset={"0", "-1"}) int
Warning line does not match expected format: required: @IndexFor("a2") or @LTLengthOf("a2") -- an integer less than a2's length
Warning line does not match expected format: found   : int []
Warning line does not match expected format: required: @LTLengthOf("b") int []
Warning line does not match expected format: found   : @UpperBoundLiteral(4) int
Warning line does not match expected format: required: @LTLengthOf("b") int
Warning line does not match expected format: found   : int []
Warning line does not match expected format: required: @LTEqLengthOf("b") int []
Warning line does not match expected format: found   : @UpperBoundLiteral(5) int
Warning line does not match expected format: required: @LTEqLengthOf("b") int
Warning line does not match expected format: found   : int []
Warning line does not match expected format: required: @LTLengthOf(value={"b", "b2"}, offset={"-2", "5"}) int []
Warning line does not match expected format: found   : @UpperBoundLiteral(5) int
Warning line does not match expected format: required: @LTLengthOf(value={"b", "b2"}, offset={"-2", "5"}) int
Warning line does not match expected format: found   : int @ArrayLen(3) []
Warning line does not match expected format: required: @MinLen(4) -- an array guaranteed to have at least 4 elements
Warning line does not match expected format: found   : a is @ArrayLenRange(from=9)
Warning line does not match expected format: required: a is @ArrayLenRange(from=10)
Warning line does not match expected format: found   : int
Warning line does not match expected format: required: @LTLengthOf(value="a", offset="c + 1") int
Warning line does not match expected format: found   : @LTLengthOf(value={"a", "a"}, offset={"d + 1", "-11"}) int
Warning line does not match expected format: required: @LTLengthOf(value={"a", "a"}, offset={"d + 1", "-10"}) int
Warning line does not match expected format:   In superclass CustomContractWithArgs.Base: @LTLengthOf(value={"a", "a"}, offset={"c + 1", "10"})
Warning line does not match expected format:   In subclass CustomContractWithArgs.DerivedInvalid: @org.checkerframework.checker.index.qual.LTLengthOf(value={"a", "a"}, offset={"c + 1", "9"})
Warning line does not match expected format: found   : no information about this.b
Warning line does not match expected format: required: this.b is @LTLengthOf(value={"a", "a"}, offset={"c + 1", "9"})
Warning line does not match expected format:   In superclass CustomContractWithArgs.Base: @org.checkerframework.checker.index.qual.LTLengthOf(value={"a", "a"}, offset={"d + 1", "-10"})
Warning line does not match expected format:   In subclass CustomContractWithArgs.DerivedInvalid: @LTLengthOf(value={"a", "a"}, offset={"d + 1", "-9"})
Warning line does not match expected format: found   : @LTEqLengthOf("array") int
Warning line does not match expected format: required: @IndexFor("array") or @LTLengthOf("array") -- an integer less than array's length
Warning line does not match expected format: found   : @LTEqLengthOf("this.arrayField") int
Warning line does not match expected format: required: @IndexFor("this.arrayField") or @LTLengthOf("this.arrayField") -- an integer less than this.arrayField's length
Warning line does not match expected format: found   : Direction @ArrayLen(4) []
Warning line does not match expected format: required: @MinLen(5) -- an array guaranteed to have at least 5 elements
Warning line does not match expected format: found   : int @ArrayLen(1) []
Warning line does not match expected format: required: int @ArrayLenRange(from=2) []
Warning line does not match expected format: found   : int
Warning line does not match expected format: required: an integer >= 0 (@NonNegative or @Positive)
Warning line does not match expected format: found   : int
Warning line does not match expected format: required: an integer >= 0 (@NonNegative or @Positive)
Warning line does not match expected format: found   : int
Warning line does not match expected format: required: an integer >= 0 (@NonNegative or @Positive)
Warning line does not match expected format: found   : int
Warning line does not match expected format: required: @IndexFor("this.vDown") or @LTLengthOf("this.vDown") -- an integer less than this.vDown's length
Warning line does not match expected format: found   : @GTENegativeOne int
Warning line does not match expected format: required: an integer >= 0 (@NonNegative or @Positive)
Warning line does not match expected format: found   : int
Warning line does not match expected format: required: an integer >= 0 (@NonNegative or @Positive)
Warning line does not match expected format: found   : @GTENegativeOne int
Warning line does not match expected format: required: an integer >= 0 (@NonNegative or @Positive)
Warning line does not match expected format: found   : int @ArrayLenRange(from=1) []
Warning line does not match expected format: required: int @ArrayLenRange(from=2) []
Warning line does not match expected format: found   : int @ArrayLenRange(from=1) []
Warning line does not match expected format: required: int @ArrayLenRange(from=2) []
Warning line does not match expected format: found   : int
Warning line does not match expected format: required: @NonNegative int
Warning line does not match expected format: Consequence: method in GuavaPrimitives
Warning line does not match expected format:   int size(GuavaPrimitives this)
Warning line does not match expected format: cannot override method in AbstractCollection<Short>
Warning line does not match expected format:   @NonNegative int size(AbstractCollection<Short> this)
Warning line does not match expected format: found   : int
Warning line does not match expected format: required: @NonNegative int
Warning line does not match expected format: found   : int
Warning line does not match expected format: required: an integer >= 0 (@NonNegative or @Positive)
Warning line does not match expected format: found   : @UpperBoundLiteral(6) int
Warning line does not match expected format: required: @LTLengthOf(""012345"") int
Warning line does not match expected format: found   : @LTLengthOf("arr") int
Warning line does not match expected format: required: @LTOMLengthOf("arr") int
Warning line does not match expected format: found   : @LTLengthOf("arr") int
Warning line does not match expected format: required: @LTOMLengthOf("arr") int
Warning line does not match expected format: found   : @LTLengthOf("arr") int
Warning line does not match expected format: required: @LTOMLengthOf("arr") int
Warning line does not match expected format: found   : int
Warning line does not match expected format: required: an integer >= 0 (@NonNegative or @Positive)
Warning line does not match expected format: found   : @LTLengthOf(value="arglist", offset="-2") int
Warning line does not match expected format: required: @LTEqLengthOf("arglist") int
Warning line does not match expected format: found   : int
Warning line does not match expected format: required: @LTLengthOf("a") int
Warning line does not match expected format: found   : @UpperBoundLiteral(1) int
Warning line does not match expected format: required: @LTLengthOf("this.array") int
Warning line does not match expected format: found   : @UpperBoundLiteral(2) int
Warning line does not match expected format: required: @LTLengthOf("this.array") int
Warning line does not match expected format: found   : @LTEqLengthOf("this.array") int
Warning line does not match expected format: required: @LTLengthOf("this.array") int
Warning line does not match expected format: found   : @LTEqLengthOf("this.array") int
Warning line does not match expected format: required: @LTLengthOf("this.array") int
Warning line does not match expected format: found   : @LTEqLengthOf("this.array") int
Warning line does not match expected format: required: @LTLengthOf("this.array") int
Warning line does not match expected format: found   : @UpperBoundLiteral(1) int
Warning line does not match expected format: required: @LTLengthOf("this.array") int
Warning line does not match expected format: found   : @UpperBoundLiteral(2) int
Warning line does not match expected format: required: @LTLengthOf("this.array") int
Warning line does not match expected format: found   : @LTEqLengthOf("this.array") int
Warning line does not match expected format: required: @LTLengthOf("this.array") int
Warning line does not match expected format: found   : @LTEqLengthOf("this.array") int
Warning line does not match expected format: required: @LTLengthOf("this.array") int
Warning line does not match expected format: found   : @LTEqLengthOf("this.array") int
Warning line does not match expected format: required: @LTLengthOf("this.array") int
Warning line does not match expected format: found   : @GTENegativeOne int
Warning line does not match expected format: required: @NonNegative int
Warning line does not match expected format: found   : int
Warning line does not match expected format: required: @NonNegative int
Warning line does not match expected format: found   : @UpperBoundLiteral(1) int
Warning line does not match expected format: required: @LTLengthOf("new java.lang.String[]") int
Warning line does not match expected format: found   : @UpperBoundLiteral(2) int
Warning line does not match expected format: required: @LTLengthOf("new java.lang.String[] {"abc"}") int
Warning line does not match expected format: found   : @UpperBoundLiteral(2) int
Warning line does not match expected format: required: @LTLengthOf("new java.lang.String[][] {stringArg3}") int
Warning line does not match expected format: found   : @UpperBoundLiteral(3) int
Warning line does not match expected format: required: @LTLengthOf("stringArg2") int
Warning line does not match expected format: found   : Result<V extends Record> []
Warning line does not match expected format: required: @MinLen(1) -- an array guaranteed to have at least 1 elements
Warning line does not match expected format: found   : @LTEqLengthOf("this.array") int
Warning line does not match expected format: required: @IndexFor("this.array") or @LTLengthOf("this.array") -- an integer less than this.array's length
Warning line does not match expected format: found   : @LTEqLengthOf("this.array") int
Warning line does not match expected format: required: @LTLengthOf("this.array") int
Warning line does not match expected format: found   : int
Warning line does not match expected format: required: @GTENegativeOne int
Warning line does not match expected format: found   : @UpperBoundLiteral(3) int
Warning line does not match expected format: required: @LTLengthOf("arr") int
Warning line does not match expected format: found   : @LTEqLengthOf("arr") int
Warning line does not match expected format: required: @LTLengthOf("arr") int
Warning line does not match expected format: found   : @LTLengthOf(value="arr", offset="-7") int
Warning line does not match expected format: required: @LTLengthOf("arr") int
Warning line does not match expected format: found   : int
Warning line does not match expected format: required: an integer >= 0 (@NonNegative or @Positive)
Warning line does not match expected format: found   : int
Warning line does not match expected format: required: @IndexFor("a") or @LTLengthOf("a") -- an integer less than a's length
Warning line does not match expected format: found   : int
Warning line does not match expected format: required: an integer >= 0 (@NonNegative or @Positive)
Warning line does not match expected format: found   : int
Warning line does not match expected format: required: @IndexFor("a") or @LTLengthOf("a") -- an integer less than a's length
Warning line does not match expected format: found   : int
Warning line does not match expected format: required: an integer >= 0 (@NonNegative or @Positive)
Warning line does not match expected format: found   : int
Warning line does not match expected format: required: @IndexFor("a") or @LTLengthOf("a") -- an integer less than a's length
Warning line does not match expected format: found   : @UpperBoundLiteral(3) int
Warning line does not match expected format: required: @LTLengthOf("arr") int
Warning line does not match expected format: found   : @LTEqLengthOf("arr") int
Warning line does not match expected format: required: @LTLengthOf("arr") int
Warning line does not match expected format: found   : @LTLengthOf(value="arr", offset="-7") int
Warning line does not match expected format: required: @LTLengthOf("arr") int
Warning line does not match expected format: found   : @UpperBoundLiteral(7) int
Warning line does not match expected format: required: @LTEqLengthOf("arr") int
Warning line does not match expected format: found   : @LTEqLengthOf("this.a")
Warning line does not match expected format: required: @IndexOrHigh("banana") or @LTEqLengthOf("banana") -- an integer less than or equal to banana's length
Warning line does not match expected format: found   : @LessThanUnknown
Warning line does not match expected format: required: an integer <= this.to (@LessThan("this.to + 1"))
Warning line does not match expected format: found   : @LowerBoundUnknown
Warning line does not match expected format: required: an integer >= 0 (@NonNegative or @Positive)
Warning line does not match expected format: found   : @LTEqLengthOf("this.a")
Warning line does not match expected format: required: @IndexOrHigh("this") or @LTEqLengthOf("this") -- an integer less than or equal to this's length
Warning line does not match expected format: found   : @LessThan("this.to")
Warning line does not match expected format: required: an integer <= banana (@LessThan("banana + 1"))
Warning line does not match expected format: found   : @UpperBoundUnknown
Warning line does not match expected format: required: @IndexOrHigh("this") or @LTEqLengthOf("this") -- an integer less than or equal to this's length
Warning line does not match expected format: found   : @LessThan("this.to")
Warning line does not match expected format: required: an integer <= 10 (@LessThan("10 + 1"))
Warning line does not match expected format: found   : @UpperBoundUnknown
Warning line does not match expected format: required: @IndexOrHigh("this") or @LTEqLengthOf("this") -- an integer less than or equal to this's length
Warning line does not match expected format: index type found: @IntRange(from=0, to=12) int
Warning line does not match expected format: array type found: int []
Warning line does not match expected format: required        : index of type @IndexFor("a") or @LTLengthOf("a"), or array of type @MinLen(13)
Warning line does not match expected format: found   : int
Warning line does not match expected format: required: an integer >= 0 (@NonNegative or @Positive)
Warning line does not match expected format: found   : int
Warning line does not match expected format: required: an integer >= 0 (@NonNegative or @Positive)
Warning line does not match expected format: found   : @LTLengthOf(value="array", offset="k") int
Warning line does not match expected format: required: @IndexFor("array") or @LTLengthOf("array") -- an integer less than array's length
Warning line does not match expected format: found   : int
Warning line does not match expected format: required: an integer >= 0 (@NonNegative or @Positive)
Warning line does not match expected format: found   : int
Warning line does not match expected format: required: @LessThan("size + 1") int
Warning line does not match expected format: found   : int
Warning line does not match expected format: required: an integer >= 0 (@NonNegative or @Positive)
Warning line does not match expected format: found   : @LTLengthOf(value="argStr", offset="0") int
Warning line does not match expected format: required: @LTLengthOf(""abc"") int
Warning line does not match expected format: found   : @LTEqLengthOf("argStr") int
Warning line does not match expected format: required: @LTLengthOf(""abc"") int
Warning line does not match expected format: found   : @LTEqLengthOf("s") int
Warning line does not match expected format: required: @LTLengthOf("s") int
Warning line does not match expected format: found   : int
Warning line does not match expected format: required: @NonNegative int
Warning line does not match expected format: found   : String @ArrayLenRange []
Warning line does not match expected format: required: String @ArrayLenRange(from=1) []
Warning line does not match expected format: found   : String []
Warning line does not match expected format: required: String @ArrayLenRange(from=1) []
Warning line does not match expected format: found   : @LTEqLengthOf("array") int
Warning line does not match expected format: required: @LTLengthOf("array") int
Warning line does not match expected format: found   : @LTLengthOf(value="array", offset="-2") int
Warning line does not match expected format: required: @LTLengthOf("array") int
Warning line does not match expected format: found   : @LTLengthOf(value="this.array", offset="x - 1") int
Warning line does not match expected format: required: @LTEqLengthOf("this.array") int
Warning line does not match expected format: found   : int
Warning line does not match expected format: required: @NonNegative int
Warning line does not match expected format: found   : int
Warning line does not match expected format: required: @NonNegative int
Warning line does not match expected format: found   : @LTLengthOf(value="this.array", offset="-x - 1") int
Warning line does not match expected format: required: @LTEqLengthOf("this.array") int
Warning line does not match expected format: found   : int
Warning line does not match expected format: required: @NonNegative int
Warning line does not match expected format: found   : int
Warning line does not match expected format: required: @NonNegative int
Warning line does not match expected format: found   : @LTLengthOf(value="this.array", offset="x - 1") int
Warning line does not match expected format: required: @LTEqLengthOf("this.array") int
Warning line does not match expected format: found   : int
Warning line does not match expected format: required: @NonNegative int
Warning line does not match expected format: found   : int
Warning line does not match expected format: required: @NonNegative int
Warning line does not match expected format: found   : @GTENegativeOne int
Warning line does not match expected format: required: an integer >= 0 (@NonNegative or @Positive)
Warning line does not match expected format: found   : @LTEqLengthOf("a") int
Warning line does not match expected format: required: @LTLengthOf("a") int
Warning line does not match expected format: found   : int
Warning line does not match expected format: required: @LessThan("1") int
Warning line does not match expected format: found   : @LTEqLengthOf("array") int
Warning line does not match expected format: required: @LTLengthOf(value={"this.array", "this"}, offset={"-1", "-this.start"}) int
Warning line does not match expected format: found   : @LessThan("end + 1") int
Warning line does not match expected format: required: @LessThan("this.end + 1") int
Warning line does not match expected format: found   : int
Warning line does not match expected format: required: @LessThan("this.length()") int
Warning line does not match expected format: found   : @LTLengthOf(value={"this", "this.array"}, offset={"-this.start", "-index - 1"}) int
Warning line does not match expected format: required: @IndexFor("this.array") or @LTLengthOf("this.array") -- an integer less than this.array's length
Warning line does not match expected format: type of expression: int
Warning line does not match expected format: method return type: @GTENegativeOne int
Warning line does not match expected format: found   : int
Warning line does not match expected format: required: @LessThan("1") int
Warning line does not match expected format: found   : @LTEqLengthOf({"longer", "shorter"}) int
Warning line does not match expected format: required: @LTLengthOf("longer") int
Warning line does not match expected format: found   : int
Warning line does not match expected format: required: an integer >= 0 (@NonNegative or @Positive)
Warning line does not match expected format: found   : @LTEqLengthOf("shorter") int
Warning line does not match expected format: required: @LTLengthOf("longer") int
Warning line does not match expected format: found   : @LTEqLengthOf("shorter") int
Warning line does not match expected format: required: @LTEqLengthOf("longer") int
Warning line does not match expected format: found   : @LTEqLengthOf("shorter") int
Warning line does not match expected format: required: @LTLengthOf("longer") int
Warning line does not match expected format: found   : int @ArrayLenRange(from=1) []
Warning line does not match expected format: required: int @ArrayLenRange(from=2) []
Warning line does not match expected format: found   : int @ArrayLenRange(from=1) []
Warning line does not match expected format: required: int @ArrayLenRange(from=2) []
Warning line does not match expected format: found   : @LessThan("x") int
Warning line does not match expected format: required: @LessThan({"x", "y"}) int
Warning line does not match expected format: found   : @LessThan("x") int
Warning line does not match expected format: required: @LessThan({"x", "y"}) int
Warning line does not match expected format: found   : @LessThan("b") int
Warning line does not match expected format: required: @LessThan("c") int
Warning line does not match expected format: found   : int
Warning line does not match expected format: required: an integer >= 0 (@NonNegative or @Positive)
Warning line does not match expected format: found   : int
Warning line does not match expected format: required: @NonNegative int
Warning line does not match expected format: found   : int
Warning line does not match expected format: required: @LessThan("deleteIndex + 1") int
Warning line does not match expected format: found   : @IntRange(from=-1, to=1073741822) int
Warning line does not match expected format: required: @IntRange(from=0, to=2147483647) int
Warning line does not match expected format: found   : int
Warning line does not match expected format: required: @LessThan("countDivMinus") int
Warning line does not match expected format: type of expression: int
Warning line does not match expected format: method return type: @LessThan("minCapacity + 1") int
Warning line does not match expected format: found   : @LTEqLengthOf("a") int
Warning line does not match expected format: required: @LTLengthOf("a") int
Warning line does not match expected format: found   : @LTEqLengthOf("a") int
Warning line does not match expected format: required: @LTLengthOf("a") int
Warning line does not match expected format: found   : @LTLengthOf(value={"a", "a"}, offset={"-offset", "-offset2"}) int
Warning line does not match expected format: required: @LTLengthOf("a") int
Warning line does not match expected format: found   : int
Warning line does not match expected format: required: @LTLengthOf("array") int
Warning line does not match expected format: found   : int
Warning line does not match expected format: required: @LTLengthOf("array") int
Warning line does not match expected format: found   : @LTLengthOf(value="a", offset="offset") int
Warning line does not match expected format: required: @LTLengthOf("a") int
Warning line does not match expected format: found   : @LTEqLengthOf("a") int
Warning line does not match expected format: required: @LTLengthOf("a") int
Warning line does not match expected format: found   : @LTLengthOf(value="a", offset="-2") int
Warning line does not match expected format: required: @LTLengthOf("a") int
Warning line does not match expected format: found   : @LTLengthOf(value={"a", "a"}, offset={"-offset", "-offset2 - 2"}) int
Warning line does not match expected format: required: @LTLengthOf("a") int
Warning line does not match expected format: found   : @LTLengthOf(value="a", offset="-1001") int
Warning line does not match expected format: required: @LTLengthOf(value="a", offset="-1000") int
Warning line does not match expected format: found   : @LTLengthOf(value="a", offset="-1002") int
Warning line does not match expected format: required: @LTLengthOf(value="a", offset="-1000") int
Warning line does not match expected format: found   : @LTLengthOf(value={"a", "a"}, offset={"-offset", "-offset2 - 1002"}) int
Warning line does not match expected format: required: @LTLengthOf("a") int
Warning line does not match expected format: found   : int
Warning line does not match expected format: required: @LTLengthOf(value="a", offset="-1000") int
Warning line does not match expected format: found   : int @ArrayLenRange(from=4) []
Warning line does not match expected format: required: int @ArrayLenRange(from=10) []
Warning line does not match expected format: found   : int @ArrayLenRange(from=4) []
Warning line does not match expected format: required: int []
Warning line does not match expected format: found   : int @ArrayLenRange(from=4) []
Warning line does not match expected format: required: int @ArrayLenRange(from=10) []
Warning line does not match expected format: found   : int @ArrayLenRange(from=4) []
Warning line does not match expected format: required: int []
Warning line does not match expected format: found: @ArrayLenRange(from=1)
Warning line does not match expected format: declared type: @ArrayLenRange(from=2)
Warning line does not match expected format: fields not found: minlen2
Warning line does not match expected format: found: @ArrayLenRange(from=3)
Warning line does not match expected format: superclass type: @ArrayLenRange(from=4)
Warning line does not match expected format: found   : int []
Warning line does not match expected format: required: int @ArrayLenRange(from=1) []
Warning line does not match expected format: found   : int
Warning line does not match expected format: required: an integer >= 0 (@NonNegative or @Positive)
Warning line does not match expected format: found   : int
Warning line does not match expected format: required: @IntRange(from=1, to=2147483647) int
Warning line does not match expected format: found   : int
Warning line does not match expected format: required: @IntRange(from=1, to=2147483647) int
Warning line does not match expected format: found   : int
Warning line does not match expected format: required: @IntRange(from=-1, to=2147483647) int
Warning line does not match expected format: found   : int
Warning line does not match expected format: required: @IntRange(from=1, to=2147483647) int
Warning line does not match expected format: found   : int []
Warning line does not match expected format: required: int @ArrayLenRange(from=1) []
Warning line does not match expected format: found   : int
Warning line does not match expected format: required: an integer >= 0 (@NonNegative or @Positive)
Warning line does not match expected format: found   : int []
Warning line does not match expected format: required: int @ArrayLenRange(from=10) []
Warning line does not match expected format: found   : int
Warning line does not match expected format: required: an integer >= 0 (@NonNegative or @Positive)
Warning line does not match expected format: found   : int @ArrayLenRange []
Warning line does not match expected format: required: int @ArrayLenRange(from=1) []
Warning line does not match expected format: found   : int
Warning line does not match expected format: required: an integer >= 0 (@NonNegative or @Positive)
Warning line does not match expected format: found   : @UpperBoundLiteral(2) int
Warning line does not match expected format: required: @LTLengthOf("this.arrayLen2") int
Warning line does not match expected format: found   : @UpperBoundLiteral(3) int
Warning line does not match expected format: required: @LTLengthOf("this.arrayLen2") int
Warning line does not match expected format: found   : @UpperBoundLiteral(5) int
Warning line does not match expected format: required: @LTEqLengthOf("this.arrayLen4") int
Warning line does not match expected format: found   : @LTEqLengthOf("b") int
Warning line does not match expected format: required: @LTLengthOf("b") int
Warning line does not match expected format: found   : @LTEqLengthOf("str") int
Warning line does not match expected format: required: @LTLengthOf("str") int
Warning line does not match expected format: found   : int
Warning line does not match expected format: required: @LTLengthOf("str1") int
Warning line does not match expected format: found   : int
Warning line does not match expected format: required: @NonNegative int
Warning line does not match expected format: found   : int
Warning line does not match expected format: required: @NonNegative int
Warning line does not match expected format: found   : int
Warning line does not match expected format: required: @LTLengthOf("a") int
Warning line does not match expected format: found   : int
Warning line does not match expected format: required: an integer >= 0 (@NonNegative or @Positive)
Warning line does not match expected format: found   : int @ArrayLen(1) []
Warning line does not match expected format: required: int @ArrayLenRange(from=2) []
Warning line does not match expected format: found   : @UpperBoundLiteral(7) int
Warning line does not match expected format: required: @LTLengthOf(value="buffer", offset="5 - 1") int
Warning line does not match expected format: found   : @UpperBoundLiteral(7) int
Warning line does not match expected format: required: @LTLengthOf(value="buffer", offset="5 - 1") int
Warning line does not match expected format: found   : @LTLengthOf(value={"a", "a", "a"}, offset={"-2", "-j", "j - 4"}) int
Warning line does not match expected format: required: @IndexFor("a") or @LTLengthOf("a") -- an integer less than a's length
Warning line does not match expected format: found   : @LTLengthOf(value={"a", "a"}, offset={"-1", "start - 1"}) int
Warning line does not match expected format: required: @IndexFor("a") or @LTLengthOf("a") -- an integer less than a's length
Warning line does not match expected format: found   : @UpperBoundLiteral(6) int
Warning line does not match expected format: required: @LTLengthOf(value="a", offset="5 - 1") int
Warning line does not match expected format: found   : @UpperBoundLiteral(7) int
Warning line does not match expected format: required: @LTLengthOf(value="a", offset="5 - 1") int
Warning line does not match expected format: found   : @LowerBoundBottom Integer
Warning line does not match expected format: required: an integer >= 0 (@NonNegative or @Positive)
Warning line does not match expected format: found   : @LessThanUnknown
Warning line does not match expected format: required: an integer <= this.end (@LessThan("this.end + 1"))
Warning line does not match expected format: found   : @LTEqLengthOf("this.array")
Warning line does not match expected format: required: @IndexOrHigh("this") or @LTEqLengthOf("this") -- an integer less than or equal to this's length
Warning line does not match expected format: found   : int
Warning line does not match expected format: required: @LTLengthOf("a") int
Warning line does not match expected format: found   : @LTLengthOf("a") int
Warning line does not match expected format: required: @LTLengthOf(value="a", offset="1") int
Warning line does not match expected format: found   : int
Warning line does not match expected format: required: @LTLengthOf("a") int
Warning line does not match expected format: found   : @LTLengthOf(value="a", offset="-j + 1") int
Warning line does not match expected format: required: @LTLengthOf("a") int
Warning line does not match expected format: found   : int
Warning line does not match expected format: required: @NonNegative int
Warning line does not match expected format: found   : int
Warning line does not match expected format: required: @LTLengthOf("a") int
Warning line does not match expected format: found   : int
Warning line does not match expected format: required: @NonNegative int
Warning line does not match expected format: found   : int
Warning line does not match expected format: required: @LTLengthOf("a") int
Warning line does not match expected format: found   : int
Warning line does not match expected format: required: @LTLengthOf(value="a", offset="20") int
Warning line does not match expected format: found   : int
Warning line does not match expected format: required: @LTLengthOf("a") int
Warning line does not match expected format: found   : @LTEqLengthOf("this.array") int
Warning line does not match expected format: required: @LTLengthOf("this.array") int
Warning line does not match expected format: found   : @LTLengthOf(value="this.array", offset="-2") int
Warning line does not match expected format: required: @LTLengthOf("this.array") int
Warning line does not match expected format: found   : @LTLengthOf(value="this.array", offset="-3") int
Warning line does not match expected format: required: @LTLengthOf("this.array") int
Warning line does not match expected format: found   : int @SameLen({"a2", "b", "this.samelen_identity(a)", "this.samelen_identity(b)"}) []
Warning line does not match expected format: required: int @SameLen("banana") []
Warning line does not match expected format: found   : @LTLengthOf("a") int
Warning line does not match expected format: required: @LTLengthOf("b") int
Warning line does not match expected format: found   : @LTEqLengthOf("a") int
Warning line does not match expected format: required: @LTLengthOf("a") int
Warning line does not match expected format: found   : @LTLengthOf({"a", "b"}) int
Warning line does not match expected format: required: @LTLengthOf({"a", "b", "c"}) int
Warning line does not match expected format: found   : @LTEqLengthOf({"a", "b"}) int
Warning line does not match expected format: required: @LTEqLengthOf({"a", "b", "c"}) int
Warning line does not match expected format: found   : int @SameLen("this.mergeSameLen(a, b)") []
Warning line does not match expected format: required: int @SameLen("this.array1") []
Warning line does not match expected format: found   : int
Warning line does not match expected format: required: @LTLengthOf("this.array1") int
Warning line does not match expected format: found   : @LTEqLengthOf("this.array1") int
Warning line does not match expected format: required: @LTLengthOf("this.array1") int
Warning line does not match expected format: found   : @LTLengthOf("a") int
Warning line does not match expected format: required: @LTLengthOf("b") int
Warning line does not match expected format: found   : @LTEqLengthOf("a") int
Warning line does not match expected format: required: @LTLengthOf("a") int
Warning line does not match expected format: found   : @LTLengthOf({"a", "b"}) int
Warning line does not match expected format: required: @LTLengthOf({"a", "b", "c"}) int
Warning line does not match expected format: found   : @LTEqLengthOf({"a", "b"}) int
Warning line does not match expected format: required: @LTEqLengthOf({"a", "b", "c"}) int
Warning line does not match expected format: found   : @LTEqLengthOf("args") int
Warning line does not match expected format: required: @IndexFor("args") or @LTLengthOf("args") -- an integer less than args's length
Warning line does not match expected format: found   : @LTEqLengthOf("args") int
Warning line does not match expected format: required: @IndexFor("args") or @LTLengthOf("args") -- an integer less than args's length
Warning line does not match expected format: found   : int
Warning line does not match expected format: required: an integer >= 0 (@NonNegative or @Positive)
Warning line does not match expected format: found   : Integer
Warning line does not match expected format: required: an integer >= 0 (@NonNegative or @Positive)
Warning line does not match expected format: index type found: @IntRange(from=0, to=11) int
Warning line does not match expected format: array type found: int @ArrayLenRange(from=10) []
Warning line does not match expected format: required        : index of type @IndexFor("a") or @LTLengthOf("a"), or array of type @MinLen(12)
Warning line does not match expected format: found   : int
Warning line does not match expected format: required: @LTLengthOf("this.arr") int
Warning line does not match expected format: found   : @UpperBoundLiteral(1) int
Warning line does not match expected format: required: @LTLengthOf("this.arr") int
Warning line does not match expected format: found   : int
Warning line does not match expected format: required: @LTLengthOf("this.arr") int
Warning line does not match expected format: found   : int
Warning line does not match expected format: required: @LTEqLengthOf("this.arr") int
Warning line does not match expected format: found   : @UpperBoundLiteral(1) int
Warning line does not match expected format: required: @LTEqLengthOf("this.arr") int
Warning line does not match expected format: found   : int
Warning line does not match expected format: required: @LTEqLengthOf("this.arr") int
Warning line does not match expected format: found   : int
Warning line does not match expected format: required: @LTLengthOf("this.arr") int
Warning line does not match expected format: found   : int
Warning line does not match expected format: required: @LTLengthOf("this.arr") int
Warning line does not match expected format: found   : @UpperBoundLiteral(2) int
Warning line does not match expected format: required: @LTLengthOf("this.arr") int
Warning line does not match expected format: found   : @UpperBoundLiteral(2) int
Warning line does not match expected format: required: @LTLengthOf("this.arr") int
Warning line does not match expected format: found   : int
Warning line does not match expected format: required: @LTEqLengthOf("this.arr") int
Warning line does not match expected format: found   : int
Warning line does not match expected format: required: @LTEqLengthOf("this.arr") int
Warning line does not match expected format: found   : @UpperBoundLiteral(2) int
Warning line does not match expected format: required: @LTLengthOf("this.arr") int
Warning line does not match expected format: found   : @UpperBoundLiteral(2) int
Warning line does not match expected format: required: @LTLengthOf("this.arr") int
Warning line does not match expected format: found   : int
Warning line does not match expected format: required: @LTLengthOf("this.arr") int
Warning line does not match expected format: found   : int
Warning line does not match expected format: required: @LTLengthOf("this.arr") int
Warning line does not match expected format: found   : @UpperBoundLiteral(2) int
Warning line does not match expected format: required: @LTLengthOf("this.arr") int
Warning line does not match expected format: found   : @UpperBoundLiteral(2) int
Warning line does not match expected format: required: @LTLengthOf("this.arr") int
Warning line does not match expected format: found   : int
Warning line does not match expected format: required: @LTEqLengthOf("this.arr") int
Warning line does not match expected format: found   : int
Warning line does not match expected format: required: @LTEqLengthOf("this.arr") int
Warning line does not match expected format: found   : @UpperBoundLiteral(2) int
Warning line does not match expected format: required: @LTEqLengthOf("this.arr") int
Warning line does not match expected format: found   : @UpperBoundLiteral(2) int
Warning line does not match expected format: required: @LTEqLengthOf("this.arr") int
Warning line does not match expected format: found   : @UpperBoundLiteral(2) int
Warning line does not match expected format: required: @LTLengthOf("this.arr") int
Warning line does not match expected format: found   : @UpperBoundLiteral(2) int
Warning line does not match expected format: required: @LTLengthOf("this.arr") int
Warning line does not match expected format: found   : int
Warning line does not match expected format: required: @LTEqLengthOf("this.arr") int
Warning line does not match expected format: found   : int
Warning line does not match expected format: required: @LTEqLengthOf("this.arr") int
Warning line does not match expected format: found   : @UpperBoundLiteral(2) int
Warning line does not match expected format: required: @LTEqLengthOf("this.arr") int
Warning line does not match expected format: found   : @UpperBoundLiteral(2) int
Warning line does not match expected format: required: @LTEqLengthOf("this.arr") int
Warning line does not match expected format: found   : int
Warning line does not match expected format: required: @LTLengthOf("this.arr") int
Warning line does not match expected format: found   : int
Warning line does not match expected format: required: @LTLengthOf("this.arr") int
Warning line does not match expected format: found   : @UpperBoundLiteral(2) int
Warning line does not match expected format: required: @LTLengthOf("this.arr") int
Warning line does not match expected format: found   : @UpperBoundLiteral(2) int
Warning line does not match expected format: required: @LTLengthOf("this.arr") int
Warning line does not match expected format: found   : int
Warning line does not match expected format: required: @LTEqLengthOf("this.arr") int
Warning line does not match expected format: found   : int
Warning line does not match expected format: required: @LTEqLengthOf("this.arr") int
Warning line does not match expected format: found   : @UpperBoundLiteral(2) int
Warning line does not match expected format: required: @LTLengthOf("this.arr") int
Warning line does not match expected format: found   : @UpperBoundLiteral(2) int
Warning line does not match expected format: required: @LTLengthOf("this.arr") int
Warning line does not match expected format: found   : @LTLengthOf(value="this.values", offset="-2") int
Warning line does not match expected format: required: @LTEqLengthOf("this.values") int
Warning line does not match expected format: found   : int
Warning line does not match expected format: required: @LTLengthOf("this.arr") int
Warning line does not match expected format: found   : @UpperBoundLiteral(1) int
Warning line does not match expected format: required: @LTLengthOf("this.arr") int
Warning line does not match expected format: found   : @UpperBoundLiteral(1) int
Warning line does not match expected format: required: @LTLengthOf("this.arr") int
Warning line does not match expected format: found   : int
Warning line does not match expected format: required: @LTEqLengthOf("this.arr") int
Warning line does not match expected format: found   : @UpperBoundLiteral(1) int
Warning line does not match expected format: required: @LTEqLengthOf("this.arr") int
Warning line does not match expected format: found   : @UpperBoundLiteral(1) int
Warning line does not match expected format: required: @LTEqLengthOf("this.arr") int
Warning line does not match expected format: found   : @LTEqLengthOf("array") int
Warning line does not match expected format: required: @LTLengthOf("array") int
Warning line does not match expected format: found   : @LTOMLengthOf("array") int
Warning line does not match expected format: required: @LTLengthOf(value="array", offset="2") int
Warning line does not match expected format: found   : @LTOMLengthOf("array") int
Warning line does not match expected format: required: @LTLengthOf(value="array", offset="2") int
Warning line does not match expected format: found   : @LTOMLengthOf("array") int
Warning line does not match expected format: required: @LTLengthOf(value="array", offset="2") int
Warning line does not match expected format: type of expression: @LTLengthOf(value="array", offset="2") int
Warning line does not match expected format: method return type: @LTLengthOf(value="array", offset="3") int
Warning line does not match expected format: type of expression: @LTLengthOf(value="str", offset="2") int
Warning line does not match expected format: method return type: @LTLengthOf(value="str", offset="3") int
Warning line does not match expected format: found   : int
Warning line does not match expected format: required: an integer >= 0 (@NonNegative or @Positive)
Warning line does not match expected format: found   : int
Warning line does not match expected format: required: an integer >= 0 (@NonNegative or @Positive)
Warning line does not match expected format: found   : int
Warning line does not match expected format: required: an integer >= 0 (@NonNegative or @Positive)
Warning line does not match expected format: found   : @LTEqLengthOf("a") int
Warning line does not match expected format: required: @IndexFor("a") or @LTLengthOf("a") -- an integer less than a's length
Warning line does not match expected format: found   : int
Warning line does not match expected format: required: an integer >= 0 (@NonNegative or @Positive)
Warning line does not match expected format: found   : int
Warning line does not match expected format: required: an integer >= 0 (@NonNegative or @Positive)
Warning line does not match expected format: found   : int
Warning line does not match expected format: required: an integer >= 0 (@NonNegative or @Positive)
Warning line does not match expected format: found   : int
Warning line does not match expected format: required: an integer >= 0 (@NonNegative or @Positive)
Warning line does not match expected format: found   : @LTLengthOf(value={"a", "a"}, offset={"-1", "j - k - 1"}) int
Warning line does not match expected format: required: @IndexFor("a") or @LTLengthOf("a") -- an integer less than a's length
Warning line does not match expected format: found   : int
Warning line does not match expected format: required: an integer >= 0 (@NonNegative or @Positive)
Warning line does not match expected format: found   : int
Warning line does not match expected format: required: an integer >= 0 (@NonNegative or @Positive)
Warning line does not match expected format: found   : int
Warning line does not match expected format: required: an integer >= 0 (@NonNegative or @Positive)
Warning line does not match expected format: found   : int
Warning line does not match expected format: required: @NonNegative int
Warning line does not match expected format: found   : @UpperBoundLiteral(1) int
Warning line does not match expected format: required: @LTLengthOf("a") int
Warning line does not match expected format: found   : this.v1 is @LTLengthOf(value="this.value1", offset="2")
Warning line does not match expected format: required: this.v1 is @LTLengthOf(value="this.value1", offset="3")
Warning line does not match expected format: found   : this.v1 is @LTLengthOf(value="this.value1", offset="2")
Warning line does not match expected format: required: this.v1 is @LTLengthOf(value="this.value1", offset="3")
Warning line does not match expected format: found   : this.v1 is @LTLengthOf(value="this.value1", offset="2")
Warning line does not match expected format: required: this.v1 is @LTLengthOf(value="this.value1", offset="3")
Warning line does not match expected format: found   : this.v1 is @LTLengthOf(value="this.value1", offset="2")
Warning line does not match expected format: required: this.v1 is @LTLengthOf(value="this.value1", offset="3")
Warning line does not match expected format: found   : int []
Warning line does not match expected format: required: int @SameLen("c") []
Warning line does not match expected format: found   : int @SameLen({"a", "b", "c"}) []
Warning line does not match expected format: required: int @SameLen("this.f") []
Warning line does not match expected format: found   : Object @SameLen("myvals") []
Warning line does not match expected format: required: Object @SameLen({"myvals", "mymods"}) []
Warning line does not match expected format: found   : int @SameLen("mymods") []
Warning line does not match expected format: required: int @SameLen({"myvals", "mymods"}) []
Warning line does not match expected format: found   : int @SameLen("a") []
Warning line does not match expected format: required: int @SameLen({"a", "b"}) []
Warning line does not match expected format: found   : int
Warning line does not match expected format: required: @SearchIndexFor("a") int
Warning line does not match expected format: found   : @UpperBoundLiteral(7) int
Warning line does not match expected format: required: @LTLengthOf("a") int
Warning line does not match expected format: found   : @NegativeIndexFor("a") int
Warning line does not match expected format: required: @SearchIndexFor({"a", "b"}) int
Warning line does not match expected format: found   : @LTLengthOf("a") int
Warning line does not match expected format: required: @LTLengthOf({"a", "b"}) int
Warning line does not match expected format: found   : @SearchIndexFor({"a", "b"}) int
Warning line does not match expected format: required: @NegativeIndexFor({"a", "b"}) int
Warning line does not match expected format: found   : @LTEqLengthOf("a") int
Warning line does not match expected format: required: @LTLengthOf("a") int
Warning line does not match expected format: found   : int
Warning line does not match expected format: required: @LTLengthOf(value="a", offset="100") int
Warning line does not match expected format: found   : @LTLengthOf(value={"a", "a"}, offset={"-i + 1", "-j - 1"}) int
Warning line does not match expected format: required: @LTLengthOf("a") int
Warning line does not match expected format: found   : int
Warning line does not match expected format: required: an integer >= 0 (@NonNegative or @Positive)
Warning line does not match expected format: found   : @GTENegativeOne int
Warning line does not match expected format: required: @NonNegative long
Warning line does not match expected format: found   : int
Warning line does not match expected format: required: an integer >= 0 (@NonNegative or @Positive)
Warning line does not match expected format: found   : @UpperBoundLiteral(7) int
Warning line does not match expected format: required: @LTLengthOf(value="chars", offset="5 - 1") int
Warning line does not match expected format: found   : @GTENegativeOne int
Warning line does not match expected format: required: @NonNegative int
Warning line does not match expected format: found   : @GTENegativeOne int
Warning line does not match expected format: required: @NonNegative int
Warning line does not match expected format: found   : @LTLengthOf(value={"l", "s"}, offset={"-s.length() - 1", "-i - 1"}) int
Warning line does not match expected format: required: @LTEqLengthOf("l") int
Warning line does not match expected format: found   : @GTENegativeOne int
Warning line does not match expected format: required: @NonNegative int
Warning line does not match expected format: found   : @LTLengthOf(value={""constant"", ""constant""}, offset={"-i - 1", "0"}) int
Warning line does not match expected format: required: @LTEqLengthOf("l") int
Warning line does not match expected format: found   : @GTENegativeOne int
Warning line does not match expected format: required: @NonNegative int
Warning line does not match expected format: found   : int []
Warning line does not match expected format: required: int @SameLen("s") []
Warning line does not match expected format: found   : @SameLen("r") String
Warning line does not match expected format: required: @SameLen("s") String
Warning line does not match expected format: found   : @LTLengthOf(value="s", offset="t.length() - k") int
Warning line does not match expected format: required: @LTLengthOf("s") int
Warning line does not match expected format: found   : @LTEqLengthOf("s") int
Warning line does not match expected format: required: @LTLengthOf("s") int
Warning line does not match expected format: found   : int
Warning line does not match expected format: required: @NonNegative int
Warning line does not match expected format: found   : int
Warning line does not match expected format: required: @LTLengthOf("s") int
Warning line does not match expected format: found   : int
Warning line does not match expected format: required: @NonNegative int
Warning line does not match expected format: found   : int
Warning line does not match expected format: required: @LTLengthOf("s") int
Warning line does not match expected format: found   : @NonNegative int
Warning line does not match expected format: required: @Positive int
Warning line does not match expected format: found   : @UpperBoundLiteral(1) int
Warning line does not match expected format: required: @LTEqLengthOf("s") int
Warning line does not match expected format: found   : @UpperBoundLiteral(1) int
Warning line does not match expected format: required: @LTEqLengthOf("s") int
Warning line does not match expected format: found   : @UpperBoundLiteral(7) int
Warning line does not match expected format: required: @LTLengthOf(value="chars", offset="5 - 1") int
Warning line does not match expected format: found   : @LTLengthOf(value="a", offset="y") int
Warning line does not match expected format: required: @LTLengthOf(value={"a", "a"}, offset={"0", "y"}) int
Warning line does not match expected format: type of expression: int
Warning line does not match expected format: method return type: @GTENegativeOne int
Warning line does not match expected format: type of expression: @LTLengthOf(value="s", offset="0") int
Warning line does not match expected format: method return type: @LTLengthOf(value="s", offset="1") int
Warning line does not match expected format: type of expression: @UpperBoundLiteral(-1) int
Warning line does not match expected format: method return type: @LTLengthOf(value="s", offset="1") int
Warning line does not match expected format: type of expression: @UpperBoundLiteral(0) int
Warning line does not match expected format: method return type: @LTLengthOf(value="s", offset="1") int
Warning line does not match expected format: type of expression: @LTLengthOf(value="s", offset="0") int
Warning line does not match expected format: method return type: @LTLengthOf(value="s", offset="1") int
Warning line does not match expected format: found   : @PolyUpperBound int
Warning line does not match expected format: required: @LTLengthOf("a") int
Warning line does not match expected format: found   : int
Warning line does not match expected format: required: an integer >= 0 (@NonNegative or @Positive)
Warning line does not match expected format: found   : @UpperBoundLiteral(1) int
Warning line does not match expected format: required: @LTEqLengthOf("this.arr") int
Warning line does not match expected format: found   : @UpperBoundLiteral(1) int
Warning line does not match expected format: required: @LTLengthOf("this.arr") int
Warning line does not match expected format: found   : @LTEqLengthOf("this.arr") int
Warning line does not match expected format: required: @LTLengthOf("this.arr") int
Warning line does not match expected format: found   : @LTEqLengthOf("this.arr") int
Warning line does not match expected format: required: @LTLengthOf("this.arr2") int
Warning line does not match expected format: found   : @UpperBoundLiteral(2) int
Warning line does not match expected format: required: @LTEqLengthOf({"this.arr", "this.arr2", "this.arr3"}) int
Warning line does not match expected format: found   : Object @ArrayLenRange []
Warning line does not match expected format: required: Object @ArrayLenRange(from=100) []
Warning line does not match expected format: found   : int
Warning line does not match expected format: required: an integer >= 0 (@NonNegative or @Positive)
Warning line does not match expected format: found   : Object @ArrayLenRange []
Warning line does not match expected format: required: Object @ArrayLenRange(from=100) []
Warning line does not match expected format: found   : int
Warning line does not match expected format: required: an integer >= 0 (@NonNegative or @Positive)
Warning line does not match expected format: found   : Object @ArrayLenRange []
Warning line does not match expected format: required: Object @ArrayLenRange(from=100) []
Warning line does not match expected format: found   : int
Warning line does not match expected format: required: an integer >= 0 (@NonNegative or @Positive)
Warning line does not match expected format: found   : Object []
Warning line does not match expected format: required: @MinLen(100) -- an array guaranteed to have at least 100 elements
Warning line does not match expected format: found   : Object @ArrayLen({1, 2}) []
Warning line does not match expected format: required: Object @ArrayLenRange(from=100) []
Warning line does not match expected format: found   : Object @ArrayLenRange []
Warning line does not match expected format: required: Object @ArrayLenRange(from=100) []
Warning line does not match expected format: found   : int
Warning line does not match expected format: required: an integer >= 0 (@NonNegative or @Positive)
Warning line does not match expected format: found   : @UpperBoundLiteral(0) int
Warning line does not match expected format: required: @LTLengthOf("this.nums2") int
Warning line does not match expected format: 427 errors
Warning line does not match expected format: 30 warnings
Failed to parse file: /home/ubuntu/checker-framework/checker/tests/index/ArrayAssignmentSameLen.java
Failed to parse file: /home/ubuntu/checker-framework/checker/tests/index/CustomContractWithArgs.java
Failed to parse file: /home/ubuntu/checker-framework/checker/tests/index/RepeatLTLengthOfWithError.java
Failed to parse file: /home/ubuntu/checker-framework/checker/tests/index/GuavaPrimitives.java
Failed to parse file: /home/ubuntu/checker-framework/checker/tests/index/SubtractingNonNegatives.java
Failed to parse file: /home/ubuntu/checker-framework/checker/tests/index/ConstantArrays.java
Failed to parse file: /home/ubuntu/checker-framework/checker/tests/index/NotEnoughOffsets.java
[debug] Specimin example cmd (1): /home/ubuntu/GenDATA/gradlew run --args=--outputDirectory /home/ubuntu/CFWR/slices_soot/AndExample.java__AndExample_getYearInfo_int_ --root /home/ubuntu/checker-framework/checker/tests/index --targetFile AndExample.java --targetMethod "AndExample#getYearInfo(int)" --jarPath /home/ubuntu/checker-framework/checker/dist
[debug]   root=/home/ubuntu/checker-framework/checker/tests/index
[debug]   targetFile(rel?)=AndExample.java, raw=AndExample.java
[debug]   member=AndExample#getYearInfo(int)
[debug]   jarPath dirs=/home/ubuntu/checker-framework/checker/dist:/home/ubuntu/checker-framework-3.42.0/checker/dist
Using SPECIMIN slicer: /home/ubuntu/GenDATA/gradlew run --args=--outputDirectory /home/ubuntu/CFWR/slices_soot/AndExample.java__AndExample_getYearInfo_int_ --root /home/ubuntu/checker-framework/checker/tests/index --targetFile AndExample.java --targetMethod "AndExample#getYearInfo(int)" --jarPath /home/ubuntu/checker-framework/checker/dist

> Configure project :
No explicit dependency on the Checker Framework found, using default version 3.42.0

> Task :createCheckerFrameworkManifest UP-TO-DATE
> Task :spotlessInternalRegisterDependencies UP-TO-DATE
> Task :spotlessJava UP-TO-DATE
> Task :spotlessJavaApply UP-TO-DATE
> Task :spotlessMisc UP-TO-DATE
> Task :spotlessMiscApply UP-TO-DATE
> Task :spotlessApply UP-TO-DATE
> Task :compileJava UP-TO-DATE
> Task :processResources UP-TO-DATE
> Task :classes UP-TO-DATE

> Task :run
[DEBUG] Unfound methods: {}
[DEBUG] Target methods found: [AndExample.getYearInfo(int)]
[DEBUG] Before pruning - target methods: [AndExample.getYearInfo(int)]
[DEBUG] Before pruning - used members: [AndExample#CACHE_MASK, AndExample#iYearInfoCache]
[DEBUG] Before pruning - used classes: [.AndExample, java.lang.String, java.lang.String[], org.checkerframework.checker.index.qual.IndexOrHigh, org.checkerframework.checker.index.qual.IndexFor]
[DEBUG] Before pruning CU: import org.checkerframework.checker.index.qual.IndexFor;
import org.checkerframework.checker.index.qual.IndexOrHigh;


[DEBUG] After pruning CU: import org.checkerframework.checker.index.qual.IndexFor;
import org.checkerframework.checker.index.qual.IndexOrHigh;


[DEBUG] Before pruning CU: import org.checkerframework.checker.index.qual.IndexFor;
import org.checkerframework.checker.index.qual.IndexOrHigh;


[DEBUG] After pruning CU: import org.checkerframework.checker.index.qual.IndexFor;
import org.checkerframework.checker.index.qual.IndexOrHigh;


[DEBUG] Processing 2 parsed target files
[DEBUG] Processing file: /AndExample.java
[DEBUG] Writing file: /home/ubuntu/CFWR/slices_soot/AndExample.java__AndExample_getYearInfo_int_/AndExample.java
[DEBUG] CompilationUnit content length: 246
[DEBUG] Writing content: import org.checkerframework.checker.index.qual.IndexFor;
import org.checkerframework.checker.index.qual.IndexOrHigh;

public class AndExample {

    private String getYearInfo(int year) {
        return iYearInfoCache[year & CACHE_MASK];
    }
}

[DEBUG] File written successfully
[DEBUG] Processing file: AndExample.java
[DEBUG] Writing file: /home/ubuntu/CFWR/slices_soot/AndExample.java__AndExample_getYearInfo_int_/AndExample.java
[DEBUG] CompilationUnit content length: 246
[DEBUG] Writing content: import org.checkerframework.checker.index.qual.IndexFor;
import org.checkerframework.checker.index.qual.IndexOrHigh;

public class AndExample {

    private String getYearInfo(int year) {
        return iYearInfoCache[year & CACHE_MASK];
    }
}

[DEBUG] File written successfully

Deprecated Gradle features were used in this build, making it incompatible with Gradle 9.0.

You can use '--warning-mode all' to show the individual deprecation warnings and determine if they come from your own scripts or plugins.

For more on this, please refer to https://docs.gradle.org/8.7/userguide/command_line_interface.html#sec:command_line_warnings in the Gradle documentation.

BUILD SUCCESSFUL in 16s
9 actionable tasks: 1 executed, 8 up-to-date
No compilation unit found for file: /home/ubuntu/checker-framework/checker/tests/index/ArrayAssignmentSameLen.java
No compilation unit found for file: /home/ubuntu/checker-framework/checker/tests/index/ArrayAssignmentSameLen.java
No compilation unit found for file: /home/ubuntu/checker-framework/checker/tests/index/ArrayAssignmentSameLen.java
No compilation unit found for file: /home/ubuntu/checker-framework/checker/tests/index/ArrayAssignmentSameLen.java
Command executed successfully: /home/ubuntu/GenDATA/gradlew run --args=--outputDirectory /home/ubuntu/CFWR/slices_soot/AndExample.java__AndExample_getYearInfo_int_ --root /home/ubuntu/checker-framework/checker/tests/index --targetFile AndExample.java --targetMethod "AndExample#getYearInfo(int)" --jarPath /home/ubuntu/checker-framework/checker/dist
[debug] Specimin example cmd (2): /home/ubuntu/GenDATA/gradlew run --args=--outputDirectory /home/ubuntu/CFWR/slices_soot/ArrayConstructionPositiveLength.java__ArrayConstructionPositiveLength_makeArray_int_ --root /home/ubuntu/checker-framework/checker/tests/index --targetFile ArrayConstructionPositiveLength.java --targetMethod "ArrayConstructionPositiveLength#makeArray(int)" --jarPath /home/ubuntu/checker-framework/checker/dist
[debug]   root=/home/ubuntu/checker-framework/checker/tests/index
[debug]   targetFile(rel?)=ArrayConstructionPositiveLength.java, raw=ArrayConstructionPositiveLength.java
[debug]   member=ArrayConstructionPositiveLength#makeArray(int)
[debug]   jarPath dirs=/home/ubuntu/checker-framework/checker/dist:/home/ubuntu/checker-framework-3.42.0/checker/dist
Using SPECIMIN slicer: /home/ubuntu/GenDATA/gradlew run --args=--outputDirectory /home/ubuntu/CFWR/slices_soot/ArrayConstructionPositiveLength.java__ArrayConstructionPositiveLength_makeArray_int_ --root /home/ubuntu/checker-framework/checker/tests/index --targetFile ArrayConstructionPositiveLength.java --targetMethod "ArrayConstructionPositiveLength#makeArray(int)" --jarPath /home/ubuntu/checker-framework/checker/dist

> Configure project :
No explicit dependency on the Checker Framework found, using default version 3.42.0

> Task :createCheckerFrameworkManifest UP-TO-DATE
> Task :spotlessInternalRegisterDependencies UP-TO-DATE
> Task :spotlessJava UP-TO-DATE
> Task :spotlessJavaApply UP-TO-DATE
> Task :spotlessMisc UP-TO-DATE
> Task :spotlessMiscApply UP-TO-DATE
> Task :spotlessApply UP-TO-DATE
> Task :compileJava UP-TO-DATE
> Task :processResources UP-TO-DATE
> Task :classes UP-TO-DATE

> Task :run
[DEBUG] Unfound methods: {}
[DEBUG] Target methods found: [ArrayConstructionPositiveLength.makeArray(int)]
[DEBUG] Before pruning - target methods: [ArrayConstructionPositiveLength.makeArray(int)]
[DEBUG] Before pruning - used members: []
[DEBUG] Before pruning - used classes: [.ArrayConstructionPositiveLength, java.lang.String]
[DEBUG] Before pruning CU: // Test case for issue #66:
// https://github.com/kelloggm/checker-framework/issues/66
import org.checkerframework.checker.index.qual.*;
import org.checkerframework.common.value.qual.*;


[DEBUG] After pruning CU: // Test case for issue #66:
// https://github.com/kelloggm/checker-framework/issues/66

[DEBUG] Before pruning CU: // Test case for issue #66:
// https://github.com/kelloggm/checker-framework/issues/66
import org.checkerframework.checker.index.qual.*;
import org.checkerframework.common.value.qual.*;


[DEBUG] After pruning CU: // Test case for issue #66:
// https://github.com/kelloggm/checker-framework/issues/66

[DEBUG] Processing 2 parsed target files
[DEBUG] Processing file: /ArrayConstructionPositiveLength.java
[DEBUG] Writing file: /home/ubuntu/CFWR/slices_soot/ArrayConstructionPositiveLength.java__ArrayConstructionPositiveLength_makeArray_int_/ArrayConstructionPositiveLength.java
[DEBUG] CompilationUnit content length: 267
[DEBUG] Writing content: import org.checkerframework.checker.index.qual.*;
import org.checkerframework.common.value.qual.*;

public class ArrayConstructionPositiveLength {

    public void makeArray(@Positive int max_values) {
        String @MinLen(1) [] a = new String[max_values];
    }
}

[DEBUG] File written successfully
[DEBUG] Processing file: ArrayConstructionPositiveLength.java
[DEBUG] Writing file: /home/ubuntu/CFWR/slices_soot/ArrayConstructionPositiveLength.java__ArrayConstructionPositiveLength_makeArray_int_/ArrayConstructionPositiveLength.java
[DEBUG] CompilationUnit content length: 267
[DEBUG] Writing content: import org.checkerframework.checker.index.qual.*;
import org.checkerframework.common.value.qual.*;

public class ArrayConstructionPositiveLength {

    public void makeArray(@Positive int max_values) {
        String @MinLen(1) [] a = new String[max_values];
    }
}

[DEBUG] File written successfully

Deprecated Gradle features were used in this build, making it incompatible with Gradle 9.0.

You can use '--warning-mode all' to show the individual deprecation warnings and determine if they come from your own scripts or plugins.

For more on this, please refer to https://docs.gradle.org/8.7/userguide/command_line_interface.html#sec:command_line_warnings in the Gradle documentation.

BUILD SUCCESSFUL in 16s
9 actionable tasks: 1 executed, 8 up-to-date
Command executed successfully: /home/ubuntu/GenDATA/gradlew run --args=--outputDirectory /home/ubuntu/CFWR/slices_soot/ArrayConstructionPositiveLength.java__ArrayConstructionPositiveLength_makeArray_int_ --root /home/ubuntu/checker-framework/checker/tests/index --targetFile ArrayConstructionPositiveLength.java --targetMethod "ArrayConstructionPositiveLength#makeArray(int)" --jarPath /home/ubuntu/checker-framework/checker/dist
[debug] Specimin example cmd (3): /home/ubuntu/GenDATA/gradlew run --args=--outputDirectory /home/ubuntu/CFWR/slices_soot/ArrayConstructionPositiveLength.java__ArrayConstructionPositiveLength_makeArray_int_ --root /home/ubuntu/checker-framework/checker/tests/index --targetFile ArrayConstructionPositiveLength.java --targetMethod "ArrayConstructionPositiveLength#makeArray(int)" --jarPath /home/ubuntu/checker-framework/checker/dist
[debug]   root=/home/ubuntu/checker-framework/checker/tests/index
[debug]   targetFile(rel?)=ArrayConstructionPositiveLength.java, raw=ArrayConstructionPositiveLength.java
[debug]   member=ArrayConstructionPositiveLength#makeArray(int)
[debug]   jarPath dirs=/home/ubuntu/checker-framework/checker/dist:/home/ubuntu/checker-framework-3.42.0/checker/dist
Using SPECIMIN slicer: /home/ubuntu/GenDATA/gradlew run --args=--outputDirectory /home/ubuntu/CFWR/slices_soot/ArrayConstructionPositiveLength.java__ArrayConstructionPositiveLength_makeArray_int_ --root /home/ubuntu/checker-framework/checker/tests/index --targetFile ArrayConstructionPositiveLength.java --targetMethod "ArrayConstructionPositiveLength#makeArray(int)" --jarPath /home/ubuntu/checker-framework/checker/dist

> Configure project :
No explicit dependency on the Checker Framework found, using default version 3.42.0

> Task :createCheckerFrameworkManifest UP-TO-DATE
> Task :spotlessInternalRegisterDependencies UP-TO-DATE
> Task :spotlessJava UP-TO-DATE
> Task :spotlessJavaApply UP-TO-DATE
> Task :spotlessMisc UP-TO-DATE
> Task :spotlessMiscApply UP-TO-DATE
> Task :spotlessApply UP-TO-DATE
> Task :compileJava UP-TO-DATE
> Task :processResources UP-TO-DATE
> Task :classes UP-TO-DATE

> Task :run
[DEBUG] Unfound methods: {}
[DEBUG] Target methods found: [ArrayConstructionPositiveLength.makeArray(int)]
[DEBUG] Before pruning - target methods: [ArrayConstructionPositiveLength.makeArray(int)]
[DEBUG] Before pruning - used members: []
[DEBUG] Before pruning - used classes: [.ArrayConstructionPositiveLength, java.lang.String]
[DEBUG] Before pruning CU: // Test case for issue #66:
// https://github.com/kelloggm/checker-framework/issues/66
import org.checkerframework.checker.index.qual.*;
import org.checkerframework.common.value.qual.*;


[DEBUG] After pruning CU: // Test case for issue #66:
// https://github.com/kelloggm/checker-framework/issues/66

[DEBUG] Before pruning CU: // Test case for issue #66:
// https://github.com/kelloggm/checker-framework/issues/66
import org.checkerframework.checker.index.qual.*;
import org.checkerframework.common.value.qual.*;


[DEBUG] After pruning CU: // Test case for issue #66:
// https://github.com/kelloggm/checker-framework/issues/66

[DEBUG] Processing 2 parsed target files
[DEBUG] Processing file: /ArrayConstructionPositiveLength.java
[DEBUG] Writing file: /home/ubuntu/CFWR/slices_soot/ArrayConstructionPositiveLength.java__ArrayConstructionPositiveLength_makeArray_int_/ArrayConstructionPositiveLength.java
[DEBUG] CompilationUnit content length: 267
[DEBUG] Writing content: import org.checkerframework.checker.index.qual.*;
import org.checkerframework.common.value.qual.*;

public class ArrayConstructionPositiveLength {

    public void makeArray(@Positive int max_values) {
        String @MinLen(1) [] a = new String[max_values];
    }
}

[DEBUG] File written successfully
[DEBUG] Processing file: ArrayConstructionPositiveLength.java
[DEBUG] Writing file: /home/ubuntu/CFWR/slices_soot/ArrayConstructionPositiveLength.java__ArrayConstructionPositiveLength_makeArray_int_/ArrayConstructionPositiveLength.java
[DEBUG] CompilationUnit content length: 267
[DEBUG] Writing content: import org.checkerframework.checker.index.qual.*;
import org.checkerframework.common.value.qual.*;

public class ArrayConstructionPositiveLength {

    public void makeArray(@Positive int max_values) {
        String @MinLen(1) [] a = new String[max_values];
    }
}

[DEBUG] File written successfully

Deprecated Gradle features were used in this build, making it incompatible with Gradle 9.0.

You can use '--warning-mode all' to show the individual deprecation warnings and determine if they come from your own scripts or plugins.

For more on this, please refer to https://docs.gradle.org/8.7/userguide/command_line_interface.html#sec:command_line_warnings in the Gradle documentation.

BUILD SUCCESSFUL in 17s
9 actionable tasks: 1 executed, 8 up-to-date
Command executed successfully: /home/ubuntu/GenDATA/gradlew run --args=--outputDirectory /home/ubuntu/CFWR/slices_soot/ArrayConstructionPositiveLength.java__ArrayConstructionPositiveLength_makeArray_int_ --root /home/ubuntu/checker-framework/checker/tests/index --targetFile ArrayConstructionPositiveLength.java --targetMethod "ArrayConstructionPositiveLength#makeArray(int)" --jarPath /home/ubuntu/checker-framework/checker/dist
Using SPECIMIN slicer: /home/ubuntu/GenDATA/gradlew run --args=--outputDirectory /home/ubuntu/CFWR/slices_soot/ArrayCreationChecks.java__ArrayCreationChecks_test1_int_int_ --root /home/ubuntu/checker-framework/checker/tests/index --targetFile ArrayCreationChecks.java --targetMethod "ArrayCreationChecks#test1(int,int)" --jarPath /home/ubuntu/checker-framework/checker/dist

> Configure project :
No explicit dependency on the Checker Framework found, using default version 3.42.0

> Task :createCheckerFrameworkManifest UP-TO-DATE
> Task :spotlessInternalRegisterDependencies UP-TO-DATE
> Task :spotlessJava UP-TO-DATE
> Task :spotlessJavaApply UP-TO-DATE
> Task :spotlessMisc UP-TO-DATE
> Task :spotlessMiscApply UP-TO-DATE
> Task :spotlessApply UP-TO-DATE
> Task :compileJava UP-TO-DATE
> Task :processResources UP-TO-DATE
> Task :classes UP-TO-DATE
